[1101/184248.588:ERROR:directory_reader_win.cc(43)] FindFirstFile: O sistema não pode encontrar o caminho especificado. (0x3)
[1101/191358.911:ERROR:directory_reader_win.cc(43)] FindFirstFile: O sistema não pode encontrar o caminho especificado. (0x3)
[1101/193710.056:ERROR:directory_reader_win.cc(43)] FindFirstFile: O sistema não pode encontrar o caminho especificado. (0x3)
[1101/194126.800:ERROR:directory_reader_win.cc(43)] FindFirstFile: O sistema não pode encontrar o caminho especificado. (0x3)
[1101/194207.189:ERROR:directory_reader_win.cc(43)] FindFirstFile: O sistema não pode encontrar o caminho especificado. (0x3)
[1101/194351.810:ERROR:directory_reader_win.cc(43)] FindFirstFile: O sistema não pode encontrar o caminho especificado. (0x3)
[1101/214347.284:ERROR:directory_reader_win.cc(43)] FindFirstFile: O sistema não pode encontrar o caminho especificado. (0x3)
[1101/214540.204:ERROR:directory_reader_win.cc(43)] FindFirstFile: O sistema não pode encontrar o caminho especificado. (0x3)
[1101/214710.973:ERROR:directory_reader_win.cc(43)] FindFirstFile: O sistema não pode encontrar o caminho especificado. (0x3)
[1101/214749.003:ERROR:directory_reader_win.cc(43)] FindFirstFile: O sistema não pode encontrar o caminho especificado. (0x3)
[1101/221231.040:ERROR:directory_reader_win.cc(43)] FindFirstFile: O sistema não pode encontrar o caminho especificado. (0x3)
[1101/221313.935:ERROR:directory_reader_win.cc(43)] FindFirstFile: O sistema não pode encontrar o caminho especificado. (0x3)
[1101/221358.186:ERROR:directory_reader_win.cc(43)] FindFirstFile: O sistema não pode encontrar o caminho especificado. (0x3)
[1101/225017.028:ERROR:process_reader_win.cc(123)] NtOpenThread: {Acesso Negado} Um processo solicitou acesso a um objeto, mas o direito de acesso não lhe foi concedido. (0xc0000022)
[1101/225017.029:ERROR:exception_snapshot_win.cc(99)] thread ID 17572 not found in process
[1101/225017.138:ERROR:process_reader_win.cc(123)] NtOpenThread: {Acesso Negado} Um processo solicitou acesso a um objeto, mas o direito de acesso não lhe foi concedido. (0xc0000022)
[1101/225017.138:ERROR:exception_snapshot_win.cc(99)] thread ID 16196 not found in process
[1101/225017.235:ERROR:process_reader_win.cc(123)] NtOpenThread: {Acesso Negado} Um processo solicitou acesso a um objeto, mas o direito de acesso não lhe foi concedido. (0xc0000022)
[1101/225017.236:ERROR:exception_snapshot_win.cc(99)] thread ID 14996 not found in process
[1101/232846.203:ERROR:directory_reader_win.cc(43)] FindFirstFile: O sistema não pode encontrar o caminho especificado. (0x3)
[1101/233015.459:ERROR:directory_reader_win.cc(43)] FindFirstFile: O sistema não pode encontrar o caminho especificado. (0x3)
[1101/233357.615:ERROR:directory_reader_win.cc(43)] FindFirstFile: O sistema não pode encontrar o caminho especificado. (0x3)
[1102/001320.892:ERROR:process_reader_win.cc(151)] SuspendThread: Acesso negado. (0x5)
[1102/001320.892:ERROR:process_reader_win.cc(151)] SuspendThread: Acesso negado. (0x5)
[1102/001320.892:ERROR:process_reader_win.cc(151)] SuspendThread: Acesso negado. (0x5)
[1102/001320.892:ERROR:process_reader_win.cc(151)] SuspendThread: Acesso negado. (0x5)
[1102/001320.892:ERROR:process_reader_win.cc(151)] SuspendThread: Acesso negado. (0x5)
[1102/001320.892:ERROR:process_reader_win.cc(151)] SuspendThread: Acesso negado. (0x5)
[1102/001320.892:ERROR:process_reader_win.cc(151)] SuspendThread: Acesso negado. (0x5)
[1102/001320.892:ERROR:process_reader_win.cc(151)] SuspendThread: Acesso negado. (0x5)
[1102/001320.892:ERROR:process_reader_win.cc(151)] SuspendThread: Acesso negado. (0x5)
[1102/001320.892:ERROR:process_reader_win.cc(151)] SuspendThread: Acesso negado. (0x5)
[1102/001320.892:ERROR:process_reader_win.cc(123)] NtOpenThread: {Acesso Negado} Um processo solicitou acesso a um objeto, mas o direito de acesso não lhe foi concedido. (0xc0000022)
[1102/001320.892:ERROR:exception_snapshot_win.cc(99)] thread ID 18120 not found in process
[1102/001320.892:ERROR:process_reader_win.cc(123)] NtOpenThread: {Acesso Negado} Um processo solicitou acesso a um objeto, mas o direito de acesso não lhe foi concedido. (0xc0000022)
[1102/001320.892:ERROR:exception_snapshot_win.cc(99)] thread ID 12280 not found in process
[1102/001320.951:ERROR:process_reader_win.cc(151)] SuspendThread: Acesso negado. (0x5)
[1102/001320.951:ERROR:process_reader_win.cc(123)] NtOpenThread: {Acesso Negado} Um processo solicitou acesso a um objeto, mas o direito de acesso não lhe foi concedido. (0xc0000022)
[1102/001320.951:ERROR:exception_snapshot_win.cc(99)] thread ID 12224 not found in process
[1102/001320.954:ERROR:process_reader_win.cc(123)] NtOpenThread: {Acesso Negado} Um processo solicitou acesso a um objeto, mas o direito de acesso não lhe foi concedido. (0xc0000022)
[1102/001320.956:ERROR:exception_snapshot_win.cc(99)] thread ID 10008 not found in process
[1102/001655.549:ERROR:process_reader_win.cc(123)] NtOpenThread: {Acesso Negado} Um processo solicitou acesso a um objeto, mas o direito de acesso não lhe foi concedido. (0xc0000022)
[1102/001655.550:ERROR:exception_snapshot_win.cc(99)] thread ID 6852 not found in process
[1102/001655.618:ERROR:process_reader_win.cc(123)] NtOpenThread: {Acesso Negado} Um processo solicitou acesso a um objeto, mas o direito de acesso não lhe foi concedido. (0xc0000022)
[1102/001655.618:ERROR:exception_snapshot_win.cc(99)] thread ID 6436 not found in process
[1102/001655.619:ERROR:scoped_process_suspend.cc(40)] NtResumeProcess: Tentou-se acessar um processo de saída. (0xc000010a)
[1102/001700.659:ERROR:process_info.cc(329)] VirtualQueryEx: Acesso negado. (0x5)
[1102/001700.661:ERROR:process_info.cc(556)] ReadMemoryInfo failed
[1102/001700.661:ERROR:process_memory_win.cc(39)] Failed to initialize ProcessInfo.
[1102/001700.661:ERROR:scoped_process_suspend.cc(40)] NtResumeProcess: Tentou-se acessar um processo de saída. (0xc000010a)
[1102/001700.760:ERROR:process_reader_win.cc(123)] NtOpenThread: {Acesso Negado} Um processo solicitou acesso a um objeto, mas o direito de acesso não lhe foi concedido. (0xc0000022)
[1102/001700.760:ERROR:exception_snapshot_win.cc(99)] thread ID 9004 not found in process
